TN:
SF:/home/rahul/work/Angular/tdd-angular/src/polyfills.ts
FNF:0
FNH:0
LF:0
LH:0
BRF:0
BRH:0
end_of_record
TN:
SF:/home/rahul/work/Angular/tdd-angular/src/test.ts
FNF:0
FNH:0
DA:13,1
DA:18,1
DA:20,1
LF:3
LH:3
BRF:0
BRH:0
end_of_record
TN:
SF:/home/rahul/work/Angular/tdd-angular/src/app/app.component.ts
FN:3,(anonymous_0)
FNF:1
FNH:1
FNDA:1,(anonymous_0)
DA:8,1
DA:9,1
LF:2
LH:2
BRF:0
BRH:0
end_of_record
TN:
SF:/home/rahul/work/Angular/tdd-angular/src/app/header/header.component.ts
FN:10,(anonymous_0)
FN:12,(anonymous_1)
FNF:2
FNH:2
FNDA:4,(anonymous_0)
FNDA:3,(anonymous_1)
DA:8,1
LF:1
LH:1
BRF:0
BRH:0
end_of_record
TN:
SF:/home/rahul/work/Angular/tdd-angular/src/app/home/home.component.ts
FN:13,(anonymous_0)
FN:15,(anonymous_1)
FNF:2
FNH:2
FNDA:3,(anonymous_0)
FNDA:2,(anonymous_1)
DA:9,1
DA:13,3
DA:17,2
LF:3
LH:3
BRF:0
BRH:0
end_of_record
TN:
SF:/home/rahul/work/Angular/tdd-angular/src/app/services/dataservice.service.ts
FN:9,(anonymous_0)
FN:12,(anonymous_1)
FNF:2
FNH:2
FNDA:2,(anonymous_0)
FNDA:1,(anonymous_1)
DA:7,1
DA:9,2
DA:14,1
LF:3
LH:3
BRF:0
BRH:0
end_of_record
